Determining if the pthread_create exist failed with the following output:
Change Dir: /home/amo/Bureau/BomberMan/CLION/cmake-build-debug/CMakeFiles/CMakeTmp

Run Build Command:"/usr/bin/make" "cmTC_1935e/fast"
/usr/bin/make -f CMakeFiles/cmTC_1935e.dir/build.make CMakeFiles/cmTC_1935e.dir/build
make[1] : on entre dans le répertoire « /home/amo/Bureau/BomberMan/CLION/cmake-build-debug/CMakeFiles/CMakeTmp »
Building C object CMakeFiles/cmTC_1935e.dir/CheckSymbolExists.c.o
/usr/bin/cc    -o CMakeFiles/cmTC_1935e.dir/CheckSymbolExists.c.o   -c /home/amo/Bureau/BomberMan/CLION/cmake-build-debug/CMakeFiles/CMakeTmp/CheckSymbolExists.c
Linking C executable cmTC_1935e
/opt/clion-2018.1.2/bin/cmake/bin/cmake -E cmake_link_script CMakeFiles/cmTC_1935e.dir/link.txt --verbose=1
/usr/bin/cc      CMakeFiles/cmTC_1935e.dir/CheckSymbolExists.c.o  -o cmTC_1935e 
CMakeFiles/cmTC_1935e.dir/CheckSymbolExists.c.o : Dans la fonction « main » :
CheckSymbolExists.c:(.text+0x1b) : référence indéfinie vers « pthread_create »
collect2: error: ld returned 1 exit status
CMakeFiles/cmTC_1935e.dir/build.make:97 : la recette pour la cible « cmTC_1935e » a échouée
make[1]: *** [cmTC_1935e] Erreur 1
make[1] : on quitte le répertoire « /home/amo/Bureau/BomberMan/CLION/cmake-build-debug/CMakeFiles/CMakeTmp »
Makefile:126 : la recette pour la cible « cmTC_1935e/fast » a échouée
make: *** [cmTC_1935e/fast] Erreur 2

File /home/amo/Bureau/BomberMan/CLION/cmake-build-debug/CMakeFiles/CMakeTmp/CheckSymbolExists.c:
/* */
#include <pthread.h>

int main(int argc, char** argv)
{
  (void)argv;
#ifndef pthread_create
  return ((int*)(&pthread_create))[argc];
#else
  (void)argc;
  return 0;
#endif
}

Determining if the function pthread_create exists in the pthreads failed with the following output:
Change Dir: /home/amo/Bureau/BomberMan/CLION/cmake-build-debug/CMakeFiles/CMakeTmp

Run Build Command:"/usr/bin/make" "cmTC_0be3a/fast"
/usr/bin/make -f CMakeFiles/cmTC_0be3a.dir/build.make CMakeFiles/cmTC_0be3a.dir/build
make[1] : on entre dans le répertoire « /home/amo/Bureau/BomberMan/CLION/cmake-build-debug/CMakeFiles/CMakeTmp »
Building C object CMakeFiles/cmTC_0be3a.dir/CheckFunctionExists.c.o
/usr/bin/cc   -DCHECK_FUNCTION_EXISTS=pthread_create   -o CMakeFiles/cmTC_0be3a.dir/CheckFunctionExists.c.o   -c /opt/clion-2018.1.2/bin/cmake/share/cmake-3.10/Modules/CheckFunctionExists.c
Linking C executable cmTC_0be3a
/opt/clion-2018.1.2/bin/cmake/bin/cmake -E cmake_link_script CMakeFiles/cmTC_0be3a.dir/link.txt --verbose=1
/usr/bin/cc  -DCHECK_FUNCTION_EXISTS=pthread_create    CMakeFiles/cmTC_0be3a.dir/CheckFunctionExists.c.o  -o cmTC_0be3a -lpthreads 
/usr/bin/ld : ne peut trouver -lpthreads
collect2: error: ld returned 1 exit status
CMakeFiles/cmTC_0be3a.dir/build.make:97 : la recette pour la cible « cmTC_0be3a » a échouée
make[1]: *** [cmTC_0be3a] Erreur 1
make[1] : on quitte le répertoire « /home/amo/Bureau/BomberMan/CLION/cmake-build-debug/CMakeFiles/CMakeTmp »
Makefile:126 : la recette pour la cible « cmTC_0be3a/fast » a échouée
make: *** [cmTC_0be3a/fast] Erreur 2


